<?xml version="1.0" encoding="UTF-8"?>
<!-- Generated by org.testng.reporters.JUnitReportReporter -->
<testsuite hostname="LAPTOP-GFM17QST" failures="0" tests="1" name="com.selenium.tests.LoginTest" time="0.429" errors="0" timestamp="2025-04-18T17:47:27 IST" skipped="0">
  <testcase classname="com.selenium.tests.LoginTest" name="testLogin" time="0.429"/>
  <system-out/>
</testsuite> <!-- com.selenium.tests.LoginTest -->
